<?xml version="1.0" encoding="UTF-8"?>
<testng-results ignored="0" total="1" passed="1" failed="0" skipped="0">
  <reporter-output>
  </reporter-output>
  <suite started-at="2024-01-12T11:27:02 IST" name="Default suite" finished-at="2024-01-12T11:27:04 IST" duration-ms="2724">
    <groups>
    </groups>
    <test started-at="2024-01-12T11:27:02 IST" name="Default test" finished-at="2024-01-12T11:27:04 IST" duration-ms="2724">
      <class name="testNG_Study.First_TestNG_Class">
        <test-method signature="sample()[pri:0, instance:testNG_Study.First_TestNG_Class@4d1c00d0]" started-at="2024-01-12T11:27:02 IST" name="sample" finished-at="2024-01-12T11:27:04 IST" duration-ms="2699" status="PASS">
          <reporter-output>
          </reporter-output>
        </test-method> <!-- sample -->
      </class> <!-- testNG_Study.First_TestNG_Class -->
    </test> <!-- Default test -->
  </suite> <!-- Default suite -->
</testng-results>
